{
  level: 'info',
  message: 'What time is the testing at?',
  label: 'right meow!',
  timestamp: '2023-01-11T17:28:47.490Z'
}
{
  message: 'test1',
  level: 'info',
  label: 'right meow!',
  timestamp: '2023-01-11T17:28:47.761Z'
}
{
  message: 'bad object was recieved. {"updatedat":"2023-01-08T15:06:42.441Z","name111":"yoda","courseid":6}',
  level: 'error',
  label: 'right meow!',
  timestamp: '2023-01-11T17:30:07.208Z'
}
{
  message: 'error during POST in test router. test = {"updatedat":"2023-11-01T19:40:00.441Z","name":"doron","date":"2023-11-01T19:40:00.441Z-Hall","courseid":2} insert into "test" ("courseid", "date", "name", "updatedat") values ($1, $2, $3, $4) - time zone "z-hall" not recognized',
  level: 'error',
  label: 'right meow!',
  timestamp: '2023-01-11T17:40:49.738Z'
}
{
  message: 'error during POST in test router. test = {"updatedat":"2023-11-01T19:40:00.441Z","name":"doron","date":"2023-11-01T19:40:00.441Z","courseid":2} insert into "test" ("courseid", "date", "name", "updatedat") values ($1, $2, $3, $4) - duplicate key value violates unique constraint "unique_name"',
  level: 'error',
  label: 'right meow!',
  timestamp: '2023-01-11T17:41:12.753Z'
}
{
  level: 'info',
  message: 'What time is the testing at?',
  label: 'right meow!',
  timestamp: '2023-01-11T17:49:23.341Z'
}
{
  message: 'test1',
  level: 'info',
  label: 'right meow!',
  timestamp: '2023-01-11T17:49:23.632Z'
}
{
  level: 'info',
  message: 'What time is the testing at?',
  label: 'right meow!',
  timestamp: '2023-01-11T18:33:55.982Z'
}
{
  message: 'test1',
  level: 'info',
  label: 'right meow!',
  timestamp: '2023-01-11T18:33:56.250Z'
}
{
  message: 'bad object was recieved. {"updatedat":"2023-01-08T15:06:42.441Z","name111":"marlyy","courseid":25}',
  level: 'error',
  label: 'right meow!',
  timestamp: '2023-01-11T18:45:09.630Z'
}
{
  message: 'error during PATCH in test router.connectedKnex(...).where(...).patch is not a function',
  level: 'error',
  label: 'right meow!',
  timestamp: '2023-01-11T18:46:32.940Z'
}
{
  message: 'error during PATCH in test router.connectedKnex(...).where(...).patch is not a function',
  level: 'error',
  label: 'right meow!',
  timestamp: '2023-01-11T18:48:26.297Z'
}
{
  level: 'info',
  message: 'What time is the testing at?',
  label: 'right meow!',
  timestamp: '2023-01-11T18:48:59.416Z'
}
{
  message: 'test1',
  level: 'info',
  label: 'right meow!',
  timestamp: '2023-01-11T18:48:59.696Z'
}
{
  message: 'bad object was recieved. {"updatedate":"2023-01-08T15:06:42.441Z","name":"maysam","courseid":2}',
  level: 'error',
  label: 'right meow!',
  timestamp: '2023-01-11T18:50:15.013Z'
}
{
  level: 'info',
  message: 'What time is the testing at?',
  label: 'right meow!',
  timestamp: '2023-01-12T16:04:11.361Z'
}
{
  message: 'test1',
  level: 'info',
  label: 'right meow!',
  timestamp: '2023-01-12T16:04:11.767Z'
}
{
  message: 'error during POST in test router. test = {"updatedat":"1/12/2023, 6:04:30 PM","name":"itayy","date":"1/12/2023, 6:04:30 PM","courseid":"90"} connectedKnex(...).retuning is not a function',
  level: 'error',
  label: 'right meow!',
  timestamp: '2023-01-12T16:04:53.669Z'
}
{
  level: 'info',
  message: 'What time is the testing at?',
  label: 'right meow!',
  timestamp: '2023-01-12T16:06:05.616Z'
}
{
  message: 'test1',
  level: 'info',
  label: 'right meow!',
  timestamp: '2023-01-12T16:06:05.921Z'
}
{
  message: `error during POST in test router. test = {"updatedat":"1/12/2023, 6:04:30 PM","name":"itayyy","date":"1/12/2023, 6:04:30 PM","courseid":"91"} Cannot read properties of undefined (reading '0')`,
  level: 'error',
  label: 'right meow!',
  timestamp: '2023-01-12T16:06:13.924Z'
}
{
  level: 'info',
  message: 'What time is the testing at?',
  label: 'right meow!',
  timestamp: '2023-01-12T16:48:41.556Z'
}
{
  message: 'test1',
  level: 'info',
  label: 'right meow!',
  timestamp: '2023-01-12T16:48:41.857Z'
}
{
  message: 'this is a debug message',
  level: 'debug',
  label: 'right meow!',
  timestamp: '2023-01-12T16:48:41.892Z'
}
{
  level: 'info',
  message: 'What time is the testing at?',
  label: 'right meow!',
  timestamp: '2023-01-12T16:52:03.548Z'
}
{
  message: 'test1',
  level: 'info',
  label: 'right meow!',
  timestamp: '2023-01-12T16:52:03.854Z'
}
{
  message: 'this is a debug message',
  level: 'debug',
  label: 'right meow!',
  timestamp: '2023-01-12T16:52:03.888Z'
}
{
  message: '[tests router][router.get] parameter :id = 16',
  level: 'debug',
  label: 'right meow!',
  timestamp: '2023-01-12T16:52:12.716Z'
}
{
  level: 'info',
  message: 'What time is the testing at?',
  label: 'right meow!',
  timestamp: '2023-01-12T16:53:08.406Z'
}
{
  message: 'test1',
  level: 'info',
  label: 'right meow!',
  timestamp: '2023-01-12T16:53:08.705Z'
}
{
  message: 'this is a debug message',
  level: 'debug',
  label: 'right meow!',
  timestamp: '2023-01-12T16:53:08.732Z'
}
{
  message: '[tests router][router.delete] parameter :id = 16',
  level: 'debug',
  label: 'right meow!',
  timestamp: '2023-01-12T16:53:27.929Z'
}
{
  level: 'info',
  message: 'What time is the testing at?',
  label: 'right meow!',
  timestamp: '2023-01-12T16:56:30.598Z'
}
{
  message: 'test1',
  level: 'info',
  label: 'right meow!',
  timestamp: '2023-01-12T16:56:30.882Z'
}
{
  message: 'this is a debug message',
  level: 'debug',
  label: 'right meow!',
  timestamp: '2023-01-12T16:56:30.914Z'
}
{
  message: 'bad object was recieved. {"updatedat":"2023-01-08T15:06:42.441Z","name1":"tal","courseid":3}',
  level: 'error',
  label: 'right meow!',
  timestamp: '2023-01-12T16:57:31.602Z'
}
{
  level: 'info',
  message: 'What time is the testing at?',
  label: 'right meow!',
  timestamp: '2023-01-12T16:58:32.550Z'
}
{
  message: 'test1',
  level: 'info',
  label: 'right meow!',
  timestamp: '2023-01-12T16:58:32.859Z'
}
{
  message: 'this is a debug message',
  level: 'debug',
  label: 'right meow!',
  timestamp: '2023-01-12T16:58:32.899Z'
}
{
  message: 'bad object was recieved. {"updatedat":"2023-01-08T15:06:42.441Z","name11":"taly","courseid":3}',
  level: 'error',
  label: 'right meow!',
  timestamp: '2023-01-12T16:58:46.830Z'
}
{
  message: 'bad object was recieved. {"name":"gel","courseid":80}',
  level: 'error',
  label: 'right meow!',
  timestamp: '2023-01-12T17:01:09.715Z'
}
{
  level: 'info',
  message: 'What time is the testing at?',
  label: 'right meow!',
  timestamp: '2023-01-12T17:02:49.104Z'
}
{
  message: 'test1',
  level: 'info',
  label: 'right meow!',
  timestamp: '2023-01-12T17:02:49.386Z'
}
{
  message: 'this is a debug message',
  level: 'debug',
  label: 'right meow!',
  timestamp: '2023-01-12T17:02:49.419Z'
}
{
  message: `error during POST in test router. test = {"updatedat":"1/12/2023, 7:03:04 PM","name":"geel","date":"1/12/2023, 7:03:04 PM","courseid":"80"} Cannot read properties of undefined (reading '0')`,
  level: 'error',
  label: 'right meow!',
  timestamp: '2023-01-12T17:03:16.428Z'
}
{
  message: '[tests router][router.delete] parameter :id = 17',
  level: 'debug',
  label: 'right meow!',
  timestamp: '2023-01-12T17:03:56.917Z'
}
{
  message: '[tests router][router.delete] parameter :id = 12',
  level: 'debug',
  label: 'right meow!',
  timestamp: '2023-01-12T17:04:52.171Z'
}
{
  level: 'info',
  message: 'What time is the testing at?',
  label: 'right meow!',
  timestamp: '2023-01-12T17:18:49.673Z'
}
{
  message: 'test1',
  level: 'info',
  label: 'right meow!',
  timestamp: '2023-01-12T17:18:49.996Z'
}
{
  message: 'this is a debug message',
  level: 'debug',
  label: 'right meow!',
  timestamp: '2023-01-12T17:18:50.027Z'
}
{
  message: '[tests router][router.get] parameter :id = 1',
  level: 'debug',
  label: 'right meow!',
  timestamp: '2023-01-12T17:19:44.955Z'
}
{
  message: '[tests router][router.delete] parameter :id = 3',
  level: 'debug',
  label: 'right meow!',
  timestamp: '2023-01-12T17:19:57.835Z'
}
{
  message: `error during POST in test router. test = {"updatedat":"2023-12-01T19:20:42.441Z","name":"kareen","date":"2023-12-01T19:20:42.441Z","courseid":90} Cannot read properties of undefined (reading '0')`,
  level: 'error',
  label: 'right meow!',
  timestamp: '2023-01-12T17:21:03.408Z'
}
{
  message: `error during POST in test router. test = {"updatedat":"2023-12-01T19:20:42.441Z","name":"karen","date":"2023-12-01T19:20:42.441Z","courseid":91} Cannot read properties of undefined (reading '0')`,
  level: 'error',
  label: 'right meow!',
  timestamp: '2023-01-12T17:22:44.900Z'
}
{
  level: 'info',
  message: 'What time is the testing at?',
  label: 'right meow!',
  timestamp: '2023-01-12T17:26:15.798Z'
}
{
  message: 'test1',
  level: 'info',
  label: 'right meow!',
  timestamp: '2023-01-12T17:26:16.099Z'
}
{
  message: 'this is a debug message',
  level: 'debug',
  label: 'right meow!',
  timestamp: '2023-01-12T17:26:16.134Z'
}
{
  message: 'error during POST in test router. test = {"updatedat":"2023-12-01T19:06:42.441Z","name":"karol","date":"2023-12-01T19:06:42.441Z-Hall","courseid":3} insert into "test" ("courseid", "date", "name", "updatedat") values ($1, $2, $3, $4) returning "id" - time zone "z-hall" not recognized',
  level: 'error',
  label: 'right meow!',
  timestamp: '2023-01-12T17:27:14.289Z'
}
